Build started 9/16/2015 9:12:16 AM.
     1>Project "c:\Users\bbarclay\documents\visual studio 2013\Projects\sentinelLoop\sentinelLoop\sentinelLoop.vcxproj" on node 2 (Build target(s)).
     1>ClCompile:
         D:\Program Files (x86)\Microsoft Visual Studio 12.0\VC\bin\CL.exe /c /ZI /nologo /W3 /WX- /sdl /Od /Oy- /D WIN32 /D _DEBUG /D _CONSOLE /D _LIB /D _UNICODE /D UNICODE /Gm /EHsc /RTC1 /MDd /GS /fp:precise /Zc:wchar_t /Zc:forScope /Fo"Debug\\" /Fd"Debug\vc120.pdb" /Gd /TP /analyze- /errorReport:prompt sentinelLoop.cpp
         sentinelLoop.cpp
       Link:
         D:\Program Files (x86)\Microsoft Visual Studio 12.0\VC\bin\link.exe /ERRORREPORT:PROMPT /OUT:"c:\users\bbarclay\documents\visual studio 2013\Projects\sentinelLoop\Debug\sentinelLoop.exe" /INCREMENTAL /NOLOGO kernel32.lib user32.lib gdi32.lib winspool.lib comdlg32.lib advapi32.lib shell32.lib ole32.lib oleaut32.lib uuid.lib odbc32.lib odbccp32.lib /MANIFEST /MANIFESTUAC:"level='asInvoker' uiAccess='false'" /manifest:embed /DEBUG /PDB:"c:\users\bbarclay\documents\visual studio 2013\Projects\sentinelLoop\Debug\sentinelLoop.pdb" /SUBSYSTEM:CONSOLE /TLBID:1 /DYNAMICBASE /NXCOMPAT /IMPLIB:"c:\users\bbarclay\documents\visual studio 2013\Projects\sentinelLoop\Debug\sentinelLoop.lib" /MACHINE:X86 Debug\sentinelLoop.obj
     1>LINK : fatal error LNK1168: cannot open c:\users\bbarclay\documents\visual studio 2013\Projects\sentinelLoop\Debug\sentinelLoop.exe for writing
     1>Done Building Project "c:\Users\bbarclay\documents\visual studio 2013\Projects\sentinelLoop\sentinelLoop\sentinelLoop.vcxproj" (Build target(s)) -- FAILED.

Build FAILED.

Time Elapsed 00:00:00.14
